ncelab(64): 12.20-s003: (c) Copyright 1995-2013 Cadence Design Systems, Inc.
					.in_c(0), 
					      |
ncelab: *W,CUVMPW (./alu_2_13.v,11|11): port sizes differ in port connection (32/1).
						.in_borrow(0), 
						           |
ncelab: *W,CUVMPW (./alu_2_13.v,17|17): port sizes differ in port connection (32/1).
									.in_c(0),
									      |
ncelab: *W,CUVMPW (./multiplier_2_5.v,35|15): port sizes differ in port connection (32/1).
									.in_c(0),
									      |
ncelab: *W,CUVMPW (./multiplier_2_5.v,35|15): port sizes differ in port connection (32/1).
									.in_c(0),
									      |
ncelab: *W,CUVMPW (./multiplier_2_5.v,35|15): port sizes differ in port connection (32/1).
									.in_c(0),
									      |
ncelab: *W,CUVMPW (./multiplier_2_5.v,35|15): port sizes differ in port connection (32/1).
									.in_c(0),
									      |
ncelab: *W,CUVMPW (./multiplier_2_5.v,35|15): port sizes differ in port connection (32/1).
									.in_c(0),
									      |
ncelab: *W,CUVMPW (./multiplier_2_5.v,35|15): port sizes differ in port connection (32/1).
									.in_c(0),
									      |
ncelab: *W,CUVMPW (./multiplier_2_5.v,35|15): port sizes differ in port connection (32/1).
						.out_data(out_data));
						                 |
ncelab: *W,CUVMPW (./alu_2_13.v,37|23): port sizes differ in port connection (16/8).
ncelab: Memory Usage - 34.9M program + 29.4M data = 64.3M total
ncelab: CPU Usage - 0.5s system + 2.9s user = 3.3s total (6.8s, 48.6% cpu)
